TN:
SF:src\application\usecases\CreateAppointmentUseCase.ts
FN:21,(anonymous_0)
FN:27,(anonymous_1)
FN:55,(anonymous_2)
FNF:3
FNH:3
FNDA:6,(anonymous_0)
FNDA:6,(anonymous_1)
FNDA:6,(anonymous_2)
DA:1,1
DA:5,1
DA:6,1
DA:7,1
DA:20,1
DA:22,6
DA:23,6
DA:24,6
DA:28,6
DA:30,2
DA:40,2
DA:42,2
DA:49,2
DA:56,6
DA:57,1
DA:60,5
DA:61,1
DA:64,4
DA:65,1
DA:68,3
DA:69,3
DA:70,1
LF:22
LH:22
BRDA:56,0,0,1
BRDA:56,0,1,5
BRDA:60,1,0,1
BRDA:60,1,1,4
BRDA:64,2,0,1
BRDA:64,2,1,3
BRDA:64,3,0,4
BRDA:64,3,1,3
BRDA:69,4,0,1
BRDA:69,4,1,2
BRF:10
BRH:10
end_of_record
TN:
SF:src\application\usecases\GetAppointmentsByInsuredUseCase.ts
FN:12,(anonymous_0)
FN:17,(anonymous_1)
FNF:2
FNH:2
FNDA:6,(anonymous_0)
FNDA:6,(anonymous_1)
DA:4,1
DA:5,1
DA:11,1
DA:13,6
DA:14,6
DA:18,6
DA:19,1
DA:22,5
DA:23,2
DA:26,3
DA:28,2
LF:11
LH:11
BRDA:18,0,0,1
BRDA:18,0,1,5
BRDA:22,1,0,2
BRDA:22,1,1,3
BRDA:28,2,0,2
BRDA:28,2,1,0
BRF:6
BRH:5
end_of_record
TN:
SF:src\domain\Appointment.ts
FN:1,(anonymous_0)
FN:6,(anonymous_1)
FNF:2
FNH:2
FNDA:2,(anonymous_0)
FNDA:2,(anonymous_1)
DA:1,2
DA:2,2
DA:3,2
DA:6,2
DA:7,2
DA:8,2
LF:6
LH:6
BRDA:1,0,0,2
BRDA:1,0,1,2
BRDA:6,1,0,2
BRDA:6,1,1,2
BRF:4
BRH:4
end_of_record
TN:
SF:src\domain\constants\ErrorMessages.ts
FNF:0
FNH:0
DA:1,2
LF:1
LH:1
BRF:0
BRH:0
end_of_record
TN:
SF:src\domain\errors\DomainError.ts
FN:8,(anonymous_0)
FN:17,(anonymous_1)
FN:26,(anonymous_2)
FNF:3
FNH:1
FNDA:7,(anonymous_0)
FNDA:0,(anonymous_1)
FNDA:0,(anonymous_2)
DA:1,2
DA:5,2
DA:6,7
DA:9,7
DA:10,7
DA:14,2
DA:15,0
DA:18,0
DA:19,0
DA:23,2
DA:24,0
DA:27,0
DA:28,0
LF:13
LH:7
BRF:0
BRH:0
end_of_record
